Arguments: 
  /home/weslley-fratini/.nvm/versions/node/v14.17.5/bin/node /home/weslley-fratini/.nvm/versions/node/v14.17.5/bin/yarn add @typescript -D

PATH: 
  /home/weslley-fratini/.serverless/bin:/home/weslley-fratini/.nvm/versions/node/v14.17.5/bin:/home/weslley-fratini/.serverless/bin:/usr/local/sbin:/usr/local/bin:/usr/sbin:/usr/bin:/sbin:/bin:/usr/games:/usr/local/games:/snap/bin

Yarn version: 
  1.22.18

Node version: 
  14.17.5

Platform: 
  linux x64

Trace: 
  Error: https://registry.yarnpkg.com/@typescript: Request "https://registry.yarnpkg.com/@typescript" returned a 405
      at Request.params.callback [as _callback] (/home/weslley-fratini/.nvm/versions/node/v14.17.5/lib/node_modules/yarn/lib/cli.js:66147:18)
      at Request.self.callback (/home/weslley-fratini/.nvm/versions/node/v14.17.5/lib/node_modules/yarn/lib/cli.js:140883:22)
      at Request.emit (events.js:400:28)
      at Request.<anonymous> (/home/weslley-fratini/.nvm/versions/node/v14.17.5/lib/node_modules/yarn/lib/cli.js:141855:10)
      at Request.emit (events.js:400:28)
      at IncomingMessage.<anonymous> (/home/weslley-fratini/.nvm/versions/node/v14.17.5/lib/node_modules/yarn/lib/cli.js:141777:12)
      at Object.onceWrapper (events.js:519:28)
      at IncomingMessage.emit (events.js:412:35)
      at endReadableNT (internal/streams/readable.js:1317:12)
      at processTicksAndRejections (internal/process/task_queues.js:82:21)

npm manifest: 
  {
    "name": "api",
    "version": "1.0.0",
    "main": "index.js",
    "license": "MIT"
  }

yarn manifest: 
  No manifest

Lockfile: 
  No lockfile
